<?xml version="1.0" encoding="UTF-8"?>
<testsuite name="com.neo.controller.HelloTests" time="0.668" tests="1" errors="0" skipped="0" failures="1">
  <properties>
[...]
</properties>
  <testcase name="getHello" classname="com.neo.controller.HelloTests" time="0.668">
    <failure message="Response content&#10;Expected: &quot;Hello World&quot;&#10;     but: was &quot;Hello World xx&quot;" type="java.lang.AssertionError">java.lang.AssertionError: Response content
Expected: "Hello Worldxx"
     but: was "Hello World xx"
	at org.hamcrest.MatcherAssert.assertThat(MatcherAssert.java:20)
	at org.springframework.test.web.servlet.result.ContentResultMatchers$4.match(ContentResultMatchers.java:137)
	at org.springframework.test.web.servlet.MockMvc$1.andExpect(MockMvc.java:171)
	at com.neo.controller.HelloTests.getHello(HelloTests.java:36)
</failure>
    <system-out><![CDATA[2017-11-10 23:34:56.912  INFO 25213 --- [           main] o.s.t.c.support.AbstractContextLoader    : Could not detect default resource locations for test class [com.neo.controller.HelloTests]: no resource found for suffixes {-context.xml, Context.groovy}.
2017-11-10 23:34:56.930  INFO 25213 --- [           main] o.s.t.c.web.WebTestContextBootstrapper   : Loaded default TestExecutionListener class names from location [META-INF/spring.factories]: [org.springframework.test.context.web.ServletTestExecutionListener, org.springframework.test.context.support.DirtiesContextBeforeModesTestExecutionListener, org.springframework.test.context.support.DependencyInjectionTestExecutionListener, org.springframework.test.context.support.DirtiesContextTestExecutionListener, org.springframework.test.context.transaction.TransactionalTestExecutionListener, org.springframework.test.context.jdbc.SqlScriptsTestExecutionListener]
2017-11-10 23:34:56.931  INFO 25213 --- [           main] o.s.t.c.web.WebTestContextBootstrapper   : Could not instantiate TestExecutionListener [org.springframework.test.context.transaction.TransactionalTestExecutionListener]. Specify custom listener classes or make the default listener classes (and their required dependencies) available. Offending class: [org/springframework/transaction/TransactionDefinition]
2017-11-10 23:34:56.937  INFO 25213 --- [           main] o.s.t.c.web.WebTestContextBootstrapper   : Could not instantiate TestExecutionListener [org.springframework.test.context.jdbc.SqlScriptsTestExecutionListener]. Specify custom listener classes or make the default listener classes (and their required dependencies) available. Offending class: [org/springframework/transaction/interceptor/TransactionAttribute]
2017-11-10 23:34:56.937  INFO 25213 --- [           main] o.s.t.c.web.WebTestContextBootstrapper   : Using TestExecutionListeners: [org.springframework.test.context.web.ServletTestExecutionListener@62f4ff3b, org.springframework.test.context.support.DirtiesContextBeforeModesTestExecutionListener@1698fc68, org.springframework.test.context.support.DependencyInjectionTestExecutionListener@4504d271, org.springframework.test.context.support.DirtiesContextTestExecutionListener@207b8649]

  .   ____          _            __ _ _
 /\\ / ___'_ __ _ _(_)_ __  __ _ \ \ \ \
( ( )\___ | '_ | '_| | '_ \/ _` | \ \ \ \
 \\/  ___)| |_)| | | | | || (_| |  ) ) ) )
  '  |____| .__|_| |_|_| |_\__, | / / / /
 =========|_|==============|___/=/_/_/_/
 :: Spring Boot ::        (v1.3.6.RELEASE)

2017-11-10 23:34:57.115  INFO 25213 --- [           main] com.neo.controller.HelloTests            : Starting HelloTests on jenkins-master with PID 25213 (/root/spring-boot-examples/spring-boot-package-war/target/test-classes started by root in /root/spring-boot-examples/spring-boot-package-war)
2017-11-10 23:34:57.116  INFO 25213 --- [           main] com.neo.controller.HelloTests            : No active profile set, falling back to default profiles: default
2017-11-10 23:34:57.120  INFO 25213 --- [           main] o.s.w.c.s.GenericWebApplicationContext   : Refreshing org.springframework.web.context.support.GenericWebApplicationContext@192d74fb: startup date [Fri Nov 10 23:34:57 IST 2017]; root of context hierarchy
2017-11-10 23:34:57.168  INFO 25213 --- [           main] com.neo.controller.HelloTests            : Started HelloTests in 0.18 seconds (JVM running for 5.427)
2017-11-10 23:34:57.559  INFO 25213 --- [           main] ilder$StaticRequestMappingHandlerMapping : Mapped "{[/hello]}" onto public java.lang.String com.neo.controller.HelloWorldController.index()
2017-11-10 23:34:57.613  INFO 25213 --- [           main] s.w.s.m.m.a.RequestMappingHandlerAdapter : Looking for @ControllerAdvice: org.springframework.test.web.servlet.setup.StubWebApplicationContext@2f9a01c1
2017-11-10 23:34:57.712  INFO 25213 --- [           main] o.s.mock.web.MockServletContext          : Initializing Spring FrameworkServlet ''
2017-11-10 23:34:57.712  INFO 25213 --- [           main] o.s.t.web.servlet.TestDispatcherServlet  : FrameworkServlet '': initialization started
2017-11-10 23:34:57.713  INFO 25213 --- [           main] o.s.t.web.servlet.TestDispatcherServlet  : FrameworkServlet '': initialization completed in 0 ms
]]></system-out>
  </testcase>
</testsuite>
